

  Cadence Quantus Extraction - 64-bit Parasitic Extractor - Version
21.2.2-p045 Fri Sep 23 10:56:50 PDT 2022
---------------------------------------------------------------------------------------------------------------
                                  Copyright 2022 Cadence Design Systems,
Inc.



INFO (EXTQRCXOPT-243) : For Assura inputs, if the "output_setup -directory_name" option was not
specified, it is automatically set to the input directory.
INFO (LBRCXU-108): Starting

 /home/install/ASSURA41/tools.lnx86/assura/bin/rcxToDfII /home/klu/Desktop/SDC_project/INV_DRC/__qrc.rcx_cmd -t -f /home/klu/Desktop/SDC_project/INV_DRC/extview.tmp -w /home/klu/Desktop/SDC_project/INV_DRC -cdslib /home/klu/Desktop/SDC_project/cds.lib
Virtuoso Framework License (111) was checked out successfully. Total checkout time was 0.01s.
@(#)$CDS: rcxToDfII_64 version av4.1:Production:dfII20.1-64b:ICADVM20.1-64b.500.25 11/04/2022 00:37 (sjfhw885) $
sub-version 4.1_USR6_EHF13, integ signature 2022-11-04-0002

run on cad6 from /home/install/ASSURA41/tools.lnx86/assura/bin/64bit/rcxToDfII on Fri Jun 14 16:36:23 2024


Loading tech rule set file : /home/install/FOUNDRY/analog/90nm/assura/techRuleSets
*WARNING* The directory: '/home/klu/xyz' does not exist
	but was defined in libFile '/home/klu/cds.lib' for Lib 'xyz'.
*WARNING* The directory: '/home/klu/phani' does not exist
	but was defined in libFile '/home/klu/cds.lib' for Lib 'phani'.
*WARNING* The directory: '/home/klu/xyz' does not exist
	but was defined in libFile '/home/klu/cds.lib' for Lib 'xyz'.
*WARNING* The directory: '/home/klu/phani' does not exist
	but was defined in libFile '/home/klu/cds.lib' for Lib 'phani'.
Loading gpdk090/libInit.il ...
	Loading gpdk090/loadCxt.ile ... done!
	Loading context 'gpdk090' from library 'gpdk090' ... done!
	Loading context 'pdkUtils' from library 'gpdk090' ... done!
	Loading gpdk090/gpdk090_customFilter.il ... done!
	Loading gpdk090/.simrc ... done!
	Loading gpdk090/libInitCustomExit.il ... 	Loading Environment Settings ...
*WARNING* envSetVal: Can't set the value of variable 'extractVerifySubstrate',
	in tool[.partition] 'layout' - it has not been registered.
*WARNING* Master env file /home/install/ASSURA41/tools.lnx86/dfII/etc/tools/spectre/.cdsenv is not readable
*WARNING* envSetVal: could not find tool[.partition] 'spectre.envOpts'
*WARNING* Cannot find /home/install/ASSURA41/tools.lnx86/dfII/etc/tools/hspiceD directory to load environment variables
	Loading gpdk090/gpdk090_PDKRegistrations.il ... done!

  *************************************************************           
  *              Cadence Design Systems, Inc.                 *           
  *                                                           *           
  *                    Generic 90nm PDK                       *           
  *                        (gpdk090)                          *           
  *                                                           *           
  *************************************************************           
	

	Version : 4.6

	Build date: 10-FEB-2011

done!
Loaded gpdk090/libInit.il successfully!
*WARNING* envSetVal: could not find tool[.partition] 'hspiceD.envOpts'
INFO (LBRCXU-114): Finished /home/install/ASSURA41/tools.lnx86/assura/bin/rcxToDfII

INFO (LBRCXM-642): Constructing the RCX run script

Forking:  capgen -techdir /home/install/FOUNDRY/analog/90nm/assura/rcx -inc /home/klu/Desktop/SDC_project/INV_DRC.elf -lvs /home/klu/Desktop/SDC_project/INV_DRC.xcn -lvsvia -p2lvs /home/install/FOUNDRY/analog/90nm/assura/rcx/qrcTechFile -reseqn -p poly,allGate,diff -canonical_res_caps -length_units meters -exclude_gate_res -cap_ground_layer psubstrate /home/klu/Desktop/SDC_project/INV_DRC

INFO (LBMISC-215205): 
*** Cadence Quantus Extraction Techgen -trans VERSION 21.2.2 Linux 64 bit - (Fri Sep 23 10:27:37 PDT 2022)  ***


INFO (CAPGEN-41199): 


Techgen -trans results will be written to directory: /home/klu/Desktop/SDC_project/INV_DRC

INFO (CAPGEN-41737): Lvs connect layers Bondpad CapMetal Metal1_p Metal2_p Metal3_p Metal4_p Metal5_p Metal6_p Metal7_p Metal8_p Metal9_p ind_term1 ind_term2 npn_base npn_coll npn_emit are not mapped in layer_setup file

INFO (CAPGEN-41804): Lvs stamped by ndiff_conn layers ntap are not mapped in layer_setup file

INFO (CAPGEN-41804): Lvs stamped by nwell_conn layers nb_tap are not mapped in layer_setup file

INFO (CAPGEN-41804): Lvs stamped by pdiff_conn layers ptap are not mapped in layer_setup file

INFO (CAPGEN-41809):  Lvs connect via bp_tap Metal9_v Via8 Metal8_v Via7 Metal7_v Via6 Metal6_v Via5 Metal5_v Via4 Metal4_v Via3 Metal3_v via2_cap via2_out_capInd Metal2_v Via1 ind_term1_tap ind_term2_tap Metal1_v cont_poly cont_pdiff cont_ndiff cont_emit cont_base cont_coll are not mapped in layer_setup file.

WARNING (RCXSPIC-27104): p2lvsfile in tech directory does not have resistance 
 temperature coefficients (TC1, TC2). ?temperature is ignored 

WARNING (RCXSPIC-27116): There are no non-empty MOS/LDD devices with diffusion layer 'diff' and poly layer 'poly'. Cannot perform gate capacitance blocking for user-specified layer 'allGate'.

rcxspice took  0.17 user, 0.25 sys, 0.00 elapsed, 23768.0 kbytes

Successfully created RCX script '/home/klu/Desktop/SDC_project/INV_DRC/rcx.sh'
WARNING (LBRCXM-617): Unable to obtain 1 license(s) of QTS100 21.20

INFO (LBRCXM-581): Checked out '1' license(s) of QTS300 21.20

INFO (LBRCXM-608): Executing command
   /bin/ksh  /home/klu/Desktop/SDC_project/INV_DRC/rcx.sh

##=======================================================
##ADD_EXPLICIT_VIAS=N
##ADD_BULK_TERMINAL=N
##AGDS_FILE=/dev/null
##AGDS_LAYER_MAP_FILE=/dev/null
##HCCI_DEV_PROP_FILE=/dev/null
##AGDS_SPICE_FILE=/dev/null
##AGDS_TEXT_LAYERS=
##ARRAY_VIAS_SPACING=
##ASSURA_RUN_DIR=/home/klu/Desktop/SDC_project
##ASSURA_RUN_NAME=INV_DRC
##BLACK_BOX_CELLS=/dev/null
##BREAK_WIDTH=
##CAP_COUPLING_FACTOR=1.0
##CAP_EXTRACT_MODE=decoupled
##CAP_GROUND=GND
##CAP_MODELS=no
##DANGLINGR=N
##DENSITY_CHECK_METHOD=P
##DELETE_OUTPUT_FILE=N
##DEVICE_FINGER_DELIMITER='@'
##DF2=Y
##DRACULA_RUN_DIR=
##DRACULA_RUN_NAME=
##ENABLESENSITIVITYEXTRACTION=N
##EXCLUDE_FLOAT_LIMIT=
##EXCLUDE_FLOAT_DECOPULING_FACTOR=
##EXCLUDE_FLOATING_NETS=N
##EXCLUDE_NETS_REDUCERC=/dev/null
##EXCLUDE_SELF_CAPS=N
##IGNORE_GATE_DIFFUSION_FRINGING_CAP=Y
##EXTRACT=both
##EXTRACT_MOS_DIFFUSION_AP=N
##EXTRACT_MOS_DIFFUSION_HIGH=
##EXTRACT_MOS_DIFFUSION_RES=N
##FILTER_SIZE=2.0
##FIXED_NETS_FILE=/dev/null
##FMAX=
##FRACTURE_LENGTH_UNITS=MICRONS
##FREQUENCY_FILE=/dev/null
##GROUND_NETS=
##GROUND_NETS_FILE=/dev/null
##GROUND_SUBSTRATE_FLOATING_NETS=N
##HCCI_DEV_PROP=7
##HCCI_INST_PROP=6
##HCCI_NET_PROP=5
##HCCI_RULE_FILE=
##HCCI_RUN_DIR=
##HCCI_RUN_NAME=
##HEADER_FILE=/dev/null
##HIERARCHY_DELIMITER='/'
##OUTPUT_HIERARCHY_DELIMITER='/'
##HRCX_CELLS_FILE=/dev/null
##IMPORT_GLOBALS=Y
##LADDER_NETWORK=N
##LVS_SOURCE=assura
##M_FACTORR=infinite
##M_FACTORW=N
##MACRO_CELL=Y
##MAX_FRACTURE_LENGTH=infinite
##MAX_SIGNALS=
##MERGE_PARALLEL_R=N
##MERGE_PARALLEL_VIA=N
##MINC=
##MINC_BY_PERCENTAGE=
##MINR=0.001
##NET_NAME_SPACE=layout
##NETS_FILE=/dev/null
##OUTPUT=/home/klu/Desktop/SDC_project/INV_DRC/extview.tmp
##OUTPUT_NET_NAME_SPACE=layout
##PARASITIC_BLOCKING_DEVICE_CELLS_TYPE=gray
##PARASITIC_CAP_MODELS=comment
##PARASITIC_RES_MODELS=comment
##PARASITIC_RES_LENGTH=N
##PARASITIC_RES_WIDTH=Y
##PARASITIC_RES_WIDTH_DRAWN=N
##PARASITIC_RES_UNIT=N
##PARTIAL_CAP_BLOCKING=N
##PEEC=N
##PIN_ORDER_FILE=/dev/null
##PIPE_ADVGEN=
##PIPE_SPICE2DB=
##POWER_NETS=
##POWER_NETS_FILE=/dev/null
##RC_FREQUENCY=
##RCXDIR=/home/klu/Desktop/SDC_project/INV_DRC
##RCXFS_HIGH=N
##RCXFS_NETS_FILE=
##RCXFS_TYPE=none
##RCXFS_CUTOFF_DISTANCE=
##RCXFS_CUTOFF_DISTANCE=
##RCXFS_CUTOFF_DISTANCE=
##RCXFS_CUTOFF_DISTANCE=
##RCXFS_CUTOFF_DISTANCE=
##RCXFS_VIA_OFF=N
##REDUCERC=N
##REGION_LIMIT=
##RES_MODELS=no
##RISE_TIME=
##SAVE_FILL_SHAPES=N
##SINGLE_CAP_EDSPF=N
##SHOW_DIODES=N
##SKIN_FREQUENCY=
##SPEF=N
##SPEF_UNITS=
##SPLIT_PINS=N
##FORCE_SUBCELL_PIN_ORDERS=N
##SPLIT_PINS_DISTANCE=
##SUB_NODE_CHAR='#'
##SUBSTRATE_PROFILE=/dev/null
##SUBSTRATE_STAMPING_OFF=N
##TEMPDIR=/home/klu/Desktop/SDC_project/INV_DRC/rcx_temp
##TEMPERATURE=25.0
##TYPE=full
##USER_REGION=/dev/null
##VARIANT_CELL_FILE=/dev/null
##VIA_EFFECT_OFF=N
##VIRTUAL_FILL=
##XREF=/dev/null,/dev/null
##XY_COORDINATES=c,r
##=======================================================

CASE_SENSITIVE=TRUE
export CASE_SENSITIVE
QRC_MOS_LW_PRECISION=y
export QRC_MOS_LW_PRECISION
TEMPDIR=`setTempDir /home/klu/Desktop/SDC_project/INV_DRC/rcx_temp`
setTempDir /home/klu/Desktop/SDC_project/INV_DRC/rcx_temp
export TEMPDIR
DEVICE_FINGER_DELIMITER='@'
HIERARCHY_DELIMITER='/'
OUTPUT_HIERARCHY_DELIMITER='/'
cd /home/klu/Desktop/SDC_project/INV_DRC
cat <<ENDCAT> caps2dversion
* caps2d version: 10
ENDCAT
cat <<ENDCAT> flattransUnit.info
meters
ENDCAT
QRC=Y
export QRC
cat <<ENDCAT> topcellxcn.info
/home/klu/Desktop/SDC_project/INV_DRC.xcn
ENDCAT

#==========================================================#
# Generate RCX input data from Assura LVS database
#==========================================================#

GOALIE2DIR=/home/install/QUANTUS212/tools/extraction/bin
export GOALIE2DIR
vdbToRcx /home/klu/Desktop/SDC_project INV_DRC -unit meters -mFactorR -- -V1 \
	-H satfile -r /home/klu/Desktop/SDC_project/INV_DRC.xcn -df2 -xgl
@(#)$CDS: vdbToRcx_64 version av4.1:Production:dfII20.1-64b:ICADVM20.1-64b.500.25 11/04/2022 00:38 (sjfhw885) $
20.1.2 Linux 64 bit - (Tue Mar 22 09:20:33 PDT 2022)
Opening LVS data for INV_DRC in /home/klu/Desktop/SDC_project
Open time is 0.0 sec.
Build pins/attributes took 0.0 sec.
Processing Metal1_p_pintext                      4 shapes 0.0 sec.
create satfile took  0.00 user, 0.01 sys, 0.00 elapsed, 125652.0 kbytes
write edge Metal1_p_pintext took  0.00 user, 0.00 sys, 0.00 elapsed, 126020.0 kbytes
Building net map file.		0.0 sec.
create netmap file took 0.00 user, 0.00 sys, 0.00 elapsed, 126020.0 kbytes
create net file took 0.00 user, 0.00 sys, 0.00 elapsed, 126020.0 kbytes
WARNING (LBCLV-5652): No mosfet models provided. Can't create transfile

WARNING (LBCLV-5663): No bipolar models provided. Can't create bipolar files

WARNING (LBCLV-5660): No resistor models provided. Can't create resistor files

WARNING (LBCLV-5654): No capacitor models provided. Can't create capacitor file

WARNING (LBCLV-5657): No diode models provided. Can't create diode files

WARNING (LBCLV-5706): no generic models in rule file

Device creation took 0.0 sec
Processing cont_poly                             1 shapes 0.0 sec.
write edge cont_poly took  0.00 user, 0.00 sys, 0.00 elapsed, 126020.0 kbytes
Processing cont_pdiff                            3 shapes 0.0 sec.
write edge cont_pdiff took  0.00 user, 0.00 sys, 0.00 elapsed, 126404.0 kbytes
Processing Metal1_v                              8 shapes 0.0 sec.
write edge Metal1_v took  0.00 user, 0.00 sys, 0.00 elapsed, 126668.0 kbytes
Processing cont_ndiff                            3 shapes 0.0 sec.
write edge cont_ndiff took  0.00 user, 0.01 sys, 0.00 elapsed, 126668.0 kbytes
Processing psubstrate                            1 shapes 0.0 sec.
write edge psubstrate took  0.00 user, 0.00 sys, 0.00 elapsed, 126932.0 kbytes
Processing metal1_conn                           4 shapes 0.0 sec.
write edge metal1_conn took  0.00 user, 0.00 sys, 0.00 elapsed, 126932.0 kbytes
Processing ptap                                  1 shapes 0.0 sec.
write edge ptap took  0.00 user, 0.00 sys, 0.00 elapsed, 127196.0 kbytes
Processing pdiff_conn                            3 shapes 0.0 sec.
write edge pdiff_conn took  0.00 user, 0.00 sys, 0.00 elapsed, 127196.0 kbytes
Processing nwell_conn                            1 shapes 0.0 sec.
write edge nwell_conn took  0.00 user, 0.00 sys, 0.00 elapsed, 127460.0 kbytes
Processing ntap                                  1 shapes 0.0 sec.
write edge ntap took  0.00 user, 0.00 sys, 0.00 elapsed, 127460.0 kbytes
Processing ndiff_conn                            3 shapes 0.0 sec.
write edge ndiff_conn took  0.00 user, 0.00 sys, 0.00 elapsed, 127724.0 kbytes
Processing poly_conn                             1 shapes 0.0 sec.
write edge poly_conn took  0.01 user, 0.00 sys, 0.00 elapsed, 127988.0 kbytes
Processing Metal1_p                              8 shapes 0.0 sec.
write edge Metal1_p took  0.00 user, 0.00 sys, 0.00 elapsed, 127988.0 kbytes
sort edges took  0.04 user, 0.07 sys, 0.00 elapsed, 4152.0 kbytes
sort edges and labels took  0.21 user, 0.34 sys, 0.00 elapsed, 127988.0 kbytes

	vdbToRcx System Usage:
	Elapsed:     0 seconds.
	CPU:         0.0 seconds
	Memory       5 Meg
GOALIE2DIR=/home/install/QUANTUS212/tools/extraction/bin/64bit/
export GOALIE2DIR

#==========================================================#
# Generate power list
#==========================================================#

cat global.net > power_list
/bin/mv -f nwell_conn nwell_conn_orig
epick nwell_conn_orig nwell_conn
/bin/mv -f psubstrate psubstrate_orig
epick psubstrate_orig psubstrate

#==========================================================#
# Ensure vias do not extend beyond routing
#==========================================================#

geom -V Metal1_v Metal1_p metal1_conn - Metal1_v,111,i,2
geom took  0.00 user, 0.00 sys, 0.00 elapsed, 6160.0 kbytes
geom -V cont_poly metal1_conn poly_conn - cont_poly,111,i,2
geom took  0.00 user, 0.00 sys, 0.00 elapsed, 6172.0 kbytes
geom -V cont_pdiff metal1_conn pdiff_conn - cont_pdiff,111,i,2
geom took  0.00 user, 0.00 sys, 0.00 elapsed, 6172.0 kbytes
geom -V cont_ndiff metal1_conn ndiff_conn - cont_ndiff,111,i,2
geom took  0.00 user, 0.00 sys, 0.00 elapsed, 6228.0 kbytes
geom -V ptap pdiff_conn - ptap_pdiff_conn_ovia,11,i,1
geom took  0.00 user, 0.00 sys, 0.00 elapsed, 6172.0 kbytes
geom -V psubstrate ptap - psubstrate_ptap_ovia,11,i,1
geom took  0.00 user, 0.00 sys, 0.00 elapsed, 5848.0 kbytes
geom -V ntap ndiff_conn - ntap_ndiff_conn_ovia,11,i,1
geom took  0.00 user, 0.00 sys, 0.00 elapsed, 6240.0 kbytes
geom -V nwell_conn ntap - nwell_conn_ntap_ovia,11,i,1
geom took  0.00 user, 0.00 sys, 0.00 elapsed, 5828.0 kbytes
/bin/mv -f nwell_conn_orig nwell_conn
/bin/mv -f psubstrate_orig psubstrate

#==========================================================#
# Flatten net file, routing, via and device layers
#==========================================================#

SAVEDIR=`beginFlattenInputs`
beginFlattenInputs
export SAVEDIR
/bin/mv -f NET h_NET
flatnet -V -li -h '/' h_NET NET
flatnet took 0.00 user, 0.00 sys, 0.00 elapsed, 16280.0 kbytes
netprint -V -N1 power_list:power_list_nums NET
flattenLayers -m metal1_conn poly_conn ndiff_conn pdiff_conn nwell_conn \
	psubstrate Metal1_v Metal1_p cont_poly cont_pdiff cont_ndiff \
	ptap_pdiff_conn_ovia ptap psubstrate_ptap_ovia ntap_ndiff_conn_ovia \
	ntap nwell_conn_ntap_ovia
flattub took  0.00 user, 0.00 sys, 0.00 elapsed, 6128.0 kbytes
endFlattenInputs

#==========================================================#
# Initialize CAP_GROUND variable
#==========================================================#

CAP_GROUND=`findCapGround -g GND -l psubstrate NET`
findCapGround -g GND -l psubstrate NET
echo "CAP_GROUND=" ${CAP_GROUND}
CAP_GROUND= 2
export CAP_GROUND
echo ${CAP_GROUND} > cgnetfile
netprint -n cgnetfile:gn_summary.log NET
reconnect -cgnd ${CAP_GROUND} -float floatlvsnetsfile -probe \
	Metal1_p_pintext:metal1_conn:Metal1_p_pintext_fvia
iprint -count floatlvsnetsfile > floatlvsnetsfile.txt
createEmptyLayer qrcgate
iprint -count floatlvsnetsfile > input_nets_summary.log
iprint -imerge power_list_nums floatlvsnetsfile power_list_nums2
mv power_list_nums power_list_nums_orig
cp power_list_nums2 power_list_nums 

#==========================================================#
# Segregate interconnect into resistive and non-resistive
#==========================================================#

selectNetsByNumber power_list_nums Metal1_p p_rMetal1_p np_rMetal1_p
epick took  0.00 user, 0.00 sys, 0.00 elapsed, 5328.0 kbytes
selectNetsByNumber power_list_nums metal1_conn p_rmetal1_conn np_rmetal1_conn
epick took  0.00 user, 0.00 sys, 0.00 elapsed, 5284.0 kbytes
selectNetsByNumber power_list_nums ndiff_conn p_rndiff_conn np_rndiff_conn
epick took  0.00 user, 0.00 sys, 0.00 elapsed, 5432.0 kbytes
selectNetsByNumber power_list_nums ntap p_rntap np_rntap
epick took  0.00 user, 0.00 sys, 0.00 elapsed, 5276.0 kbytes
selectNetsByNumber power_list_nums nwell_conn p_rnwell_conn np_rnwell_conn
epick took  0.00 user, 0.00 sys, 0.00 elapsed, 5220.0 kbytes
selectNetsByNumber power_list_nums pdiff_conn p_rpdiff_conn np_rpdiff_conn
epick took  0.00 user, 0.00 sys, 0.00 elapsed, 5224.0 kbytes
selectNetsByNumber power_list_nums poly_conn p_rpoly_conn np_rpoly_conn
epick took  0.00 user, 0.00 sys, 0.00 elapsed, 5236.0 kbytes
selectNetsByNumber power_list_nums psubstrate p_rpsubstrate np_rpsubstrate
epick took  0.00 user, 0.00 sys, 0.00 elapsed, 5320.0 kbytes
selectNetsByNumber power_list_nums ptap p_rptap np_rptap
epick took  0.00 user, 0.00 sys, 0.00 elapsed, 5380.0 kbytes
selectNetsByNumber power_list_nums cont_poly p_rcont_poly np_rcont_poly
epick took  0.00 user, 0.00 sys, 0.00 elapsed, 5288.0 kbytes
mv power_list_nums_orig power_list_nums

#==========================================================#
# Create resistor cut regions between resistive
# interconnect levels
#==========================================================#

mergevia -V -tech /home/install/FOUNDRY/analog/90nm/assura/rcx -cnt \
	np_rcont_poly rcont_poly - np_rmetal1_conn np_rpoly_conn
mergevia took 0.00 user, 0.00 sys, 0.00 elapsed, 19700.0 kbytes
cp rcont_poly rcont_poly_orig

#==========================================================#
# Prepare non-resistive text layers
#==========================================================#

flatlabel -V -tc -F Metal1_p_pintext Metal1_p_pintext_nr_labs

INFO (FLTLBL-89003): exec labsort -V Metal1_p_pintext_nr_labs

#==========================================================#
# Assign net numbers to cut regions
#==========================================================#

/bin/mv -f np_rnwell_conn np_rnwell_conn.conn_orig
createEmptyLayer np_rnwell_conn
/bin/mv -f np_rpsubstrate np_rpsubstrate.conn_orig
createEmptyLayer np_rpsubstrate
connect -V -relocate NET np_rMetal1_p:np_rMetal1_p.conn \
	np_rnwell_conn:np_rnwell_conn.conn np_rpsubstrate:np_rpsubstrate.conn \
	np_rndiff_conn:np_rndiff_conn.conn np_rpdiff_conn:np_rpdiff_conn.conn \
	np_rntap:np_rntap.conn np_rptap:np_rptap.conn rcont_poly - \
	ntap_ndiff_conn_ovia,6,4 nwell_conn_ntap_ovia,2,6 \
	psubstrate_ptap_ovia,3,7 ptap_pdiff_conn_ovia,7,5 - \
	Metal1_p_pintext_nr_labs,1

relocate took 0.01 user, 0.03 sys, 1.00 elapsed, 274356.0 kbytes
connect took  0.00 user, 0.00 sys, 0.00 elapsed, 274356.0 kbytes
#==========================================================#
# Assign net numbers to resistor vias
#==========================================================#

geom -V Metal1_v np_rMetal1_p.conn - tmp_rMetal1_v,11,i,2
geom took  0.00 user, 0.00 sys, 0.00 elapsed, 5792.0 kbytes
mergevia -V -i -tech /home/install/FOUNDRY/analog/90nm/assura/rcx -cnt \
	tmp_rMetal1_v rMetal1_v - np_rmetal1_conn np_rMetal1_p
mergevia took 0.13 user, 0.06 sys, 0.00 elapsed, 19852.0 kbytes
cp rMetal1_v rMetal1_v_orig
/bin/rm -f tmp_rMetal1_v
geom -V cont_ndiff np_rndiff_conn.conn - tmp_rcont_ndiff,11,i,2
geom took  0.00 user, 0.00 sys, 0.00 elapsed, 5712.0 kbytes
mergevia -V -i -tech /home/install/FOUNDRY/analog/90nm/assura/rcx -cnt \
	tmp_rcont_ndiff rcont_ndiff - np_rmetal1_conn np_rndiff_conn
mergevia took 0.13 user, 0.06 sys, 0.00 elapsed, 19980.0 kbytes
cp rcont_ndiff rcont_ndiff_orig
/bin/rm -f tmp_rcont_ndiff
geom -V cont_pdiff np_rpdiff_conn.conn - tmp_rcont_pdiff,11,i,2
geom took  0.00 user, 0.00 sys, 0.00 elapsed, 5816.0 kbytes
mergevia -V -i -tech /home/install/FOUNDRY/analog/90nm/assura/rcx -cnt \
	tmp_rcont_pdiff rcont_pdiff - np_rmetal1_conn np_rpdiff_conn
mergevia took 0.12 user, 0.06 sys, 0.00 elapsed, 19772.0 kbytes
cp rcont_pdiff rcont_pdiff_orig
/bin/rm -f tmp_rcont_pdiff

#==========================================================#
# Assign net numbers to nonresistive layers
#==========================================================#

epick -V -reo -e rMetal1_v -e rcont_ndiff -e rcont_pdiff np_rndiff_conn.conn \
	tmp_ndiff_conn
epick took  0.00 user, 0.00 sys, 0.00 elapsed, 3232.0 kbytes
epick -V -reo -e tmp_ndiff_conn -c np_rndiff_conn.conn tmp1_ndiff_conn
epick took  0.00 user, 0.00 sys, 0.00 elapsed, 3256.0 kbytes
geom -V tmp1_ndiff_conn np_rndiff_conn - tmp1_ndiff_conn,11,i,2
geom took  0.00 user, 0.00 sys, 0.00 elapsed, 5808.0 kbytes
geom -V tmp_ndiff_conn,tmp1_ndiff_conn - np_rndiff_conn,1,i,1
geom took  0.00 user, 0.00 sys, 0.00 elapsed, 5800.0 kbytes
/bin/rm -f tmp_ndiff_conn tmp1_ndiff_conn
epick -V -reo -e rMetal1_v -e rcont_ndiff -e rcont_pdiff np_rpdiff_conn.conn \
	tmp_pdiff_conn
epick took  0.00 user, 0.00 sys, 0.00 elapsed, 3192.0 kbytes
epick -V -reo -e tmp_pdiff_conn -c np_rpdiff_conn.conn tmp1_pdiff_conn
epick took  0.00 user, 0.00 sys, 0.00 elapsed, 3204.0 kbytes
geom -V tmp1_pdiff_conn np_rpdiff_conn - tmp1_pdiff_conn,11,i,2
geom took  0.00 user, 0.00 sys, 0.00 elapsed, 5824.0 kbytes
geom -V tmp_pdiff_conn,tmp1_pdiff_conn - np_rpdiff_conn,1,i,1
geom took  0.00 user, 0.00 sys, 0.00 elapsed, 5732.0 kbytes
/bin/rm -f tmp_pdiff_conn tmp1_pdiff_conn
epick -V -reo -e rMetal1_v -e rcont_ndiff -e rcont_pdiff np_rnwell_conn.conn \
	tmp_nwell_conn
epick took  0.00 user, 0.00 sys, 0.00 elapsed, 5308.0 kbytes
epick -V -reo -e tmp_nwell_conn -c np_rnwell_conn.conn tmp1_nwell_conn
epick took  0.00 user, 0.00 sys, 0.00 elapsed, 3204.0 kbytes
geom -V tmp1_nwell_conn np_rnwell_conn - tmp1_nwell_conn,11,i,2
geom took  0.00 user, 0.00 sys, 0.00 elapsed, 5712.0 kbytes
geom -V tmp_nwell_conn,tmp1_nwell_conn - np_rnwell_conn,1,i,1
geom took  0.00 user, 0.00 sys, 0.00 elapsed, 5796.0 kbytes
/bin/rm -f tmp_nwell_conn tmp1_nwell_conn
epick -V -reo -e rMetal1_v -e rcont_ndiff -e rcont_pdiff np_rpsubstrate.conn \
	tmp_psubstrate
epick took  0.00 user, 0.00 sys, 0.00 elapsed, 3212.0 kbytes
epick -V -reo -e tmp_psubstrate -c np_rpsubstrate.conn tmp1_psubstrate
epick took  0.00 user, 0.00 sys, 0.00 elapsed, 5308.0 kbytes
geom -V tmp1_psubstrate np_rpsubstrate - tmp1_psubstrate,11,i,2
geom took  0.00 user, 0.00 sys, 0.00 elapsed, 5756.0 kbytes
geom -V tmp_psubstrate,tmp1_psubstrate - np_rpsubstrate,1,i,1
geom took  0.00 user, 0.00 sys, 0.00 elapsed, 5736.0 kbytes
/bin/rm -f tmp_psubstrate tmp1_psubstrate

#==========================================================#
# Process text layers
#==========================================================#

flatlabel -V  -tc -F -l flatlabel.info Metal1_p_pintext L1T0
INFO (FLTLBL-89003): exec labsort -V L1T0

# 1 np_rpoly_conn
# 2 np_rmetal1_conn
/bin/mv -f np_rnwell_conn.conn_orig np_rnwell_conn
/bin/mv -f np_rpsubstrate.conn_orig np_rpsubstrate

#==========================================================#
# Parasitic R extraction with default precision
#==========================================================#

rex -V -m -pd -I'#' -tech /home/install/FOUNDRY/analog/90nm/assura/rcx -map \
	p2elayermapfile -N NET -e2 -rP res.mod np_rpoly_conn::poly_cut \
	np_rmetal1_conn::mt1_cut - rMetal1_v,2 rcont_ndiff,2,t \
	rcont_pdiff,2,t rcont_poly,1,2,t - L1T0,2,I
INFO (REX-163462):  exec rex -g -V -m -pd -I# -tech /home/install/FOUNDRY/analog/90nm/assura/rcx -map p2elayermapfile -N NET -e2 -rP res.mod np_rpoly_conn::poly_cut np_rmetal1_conn::mt1_cut - rMetal1_v,2 rcont_ndiff,2,t rcont_pdiff,2,t rcont_poly,1,2,t - L1T0,2,I

rex took  0.00 user, 0.00 sys, 0.00 elapsed, 20980.0 kbytes
INFO (LBMISC-215513): Socket: connection with sd 13 closed

INFO (REX-163511): Forked command: REX 1

  rex (np_rmetal1_conn) took  0.01 user, 0.02 sys, 1.00 elapsed, 23088.0 kbytes
INFO (LBMISC-215513): Socket: connection with sd 13 closed

INFO (REX-163511): Forked command: REX 2

  rex (np_rpoly_conn) took  0.01 user, 0.02 sys, 0.00 elapsed, 22436.0 kbytes
INFO (REX-163511): Forked command: REX 3

  rexmerge took  0.00 user, 0.00 sys, 0.00 elapsed, 4560.0 kbytes
rex took  0.06 user, 0.08 sys, 1.00 elapsed, 21116.0 kbytes
/bin/cp -f np_rnwell_conn np_rnwell_conn.conn
/bin/cp -f np_rpsubstrate np_rpsubstrate.conn

#==========================================================#
# Form resistive via layers
#==========================================================#

stamp -V -i2 np_rmetal1_conn rcont_poly np_rcont_poly
stamp took  0.14 user, 0.04 sys, 0.00 elapsed, 274760.0 kbytes
geom -V np_rcont_poly,p_rcont_poly - rcont_poly,1,i,1
geom took  0.00 user, 0.00 sys, 0.00 elapsed, 5736.0 kbytes
stamp -V -B -i np_rmetal1_conn Metal1_v
stamp took  0.13 user, 0.04 sys, 0.00 elapsed, 274828.0 kbytes
/bin/cp -f Metal1_v rMetal1_v
stamp -V -B -i np_rmetal1_conn cont_ndiff
stamp took  0.12 user, 0.05 sys, 0.00 elapsed, 274984.0 kbytes
/bin/cp -f cont_ndiff rcont_ndiff
stamp -V -B -i np_rmetal1_conn cont_pdiff
stamp took  0.13 user, 0.04 sys, 0.00 elapsed, 274956.0 kbytes
/bin/cp -f cont_pdiff rcont_pdiff

#==========================================================#
# Combine power non-power
#==========================================================#

netprint -max NET > original_maxnetfile

#==========================================================#
# Form capacitance layers for resistive process layers
#==========================================================#

#4 
 geom -V -i p_rpoly_conn,np_rpoly_conn - so_poly,1,n
geom took  0.00 user, 0.00 sys, 0.00 elapsed, 5728.0 kbytes
geom -V p_rpoly_conn,np_rpoly_conn - poly,1,i,1
geom took  0.00 user, 0.00 sys, 0.00 elapsed, 5716.0 kbytes
#4 
 geom -V -i p_rmetal1_conn,np_rmetal1_conn - so_mt1,1,n
geom took  0.00 user, 0.00 sys, 0.00 elapsed, 5732.0 kbytes
geom -V p_rmetal1_conn,np_rmetal1_conn - mt1,1,i,1

geom took  0.00 user, 0.00 sys, 0.00 elapsed, 5816.0 kbytes
#==========================================================#
# Form capacitance layers for non-resistive process layers
#==========================================================#

emerge -V p_rndiff_conn np_rndiff_conn ndiff_conn
emerge took 0.00 user, 0.00 sys, 0.00 elapsed, 4964.0 kbytes
emerge -V p_rpdiff_conn np_rpdiff_conn pdiff_conn
emerge took 0.00 user, 0.00 sys, 0.00 elapsed, 4988.0 kbytes
grow -V .001 ndiff_conn mask
grow took  0.00 user, 0.00 sys, 0.00 elapsed, 5408.0 kbytes
geom -V pdiff_conn mask - pdiff_conn,10,i,1
geom took  0.00 user, 0.00 sys, 0.00 elapsed, 5772.0 kbytes
geom -V ndiff_conn,pdiff_conn - diff,1,i,1
geom took  0.00 user, 0.00 sys, 0.00 elapsed, 5712.0 kbytes
createEmptyLayer mt9
createEmptyLayer mt8
createEmptyLayer mt7
createEmptyLayer mt6
createEmptyLayer mt5
createEmptyLayer mt4
createEmptyLayer mt3
createEmptyLayer mt2

#==========================================================#
# Form substrate
#==========================================================#

geom -V p_rnwell_conn,np_rnwell_conn - nwell_conn,1,i,1
geom took  0.00 user, 0.00 sys, 0.00 elapsed, 5764.0 kbytes
geom -V p_rpsubstrate,np_rpsubstrate - psubstrate,1,i,1
geom took  0.00 user, 0.00 sys, 0.00 elapsed, 5736.0 kbytes
/bin/cp -f psubstrate psubstrate.df2
grow -V 0.001 nwell_conn g_nwell_conn
grow took  0.00 user, 0.00 sys, 0.00 elapsed, 5448.0 kbytes
geom -V psubstrate g_nwell_conn - psubstrate,10,i,1
geom took  0.00 user, 0.00 sys, 0.00 elapsed, 5928.0 kbytes
geom -V nwell_conn,psubstrate - sti,1,i,1
geom took  0.00 user, 0.00 sys, 0.00 elapsed, 5684.0 kbytes
xytoebbox -V -g 13.202 -e mt9,mt8,mt7,mt6,mt5,mt4,mt3,mt2,mt1,poly,diff,nwell_conn,psubstrate xg_sti
grow -V 0.001 sti g_sti
grow took  0.00 user, 0.00 sys, 0.00 elapsed, 5576.0 kbytes
geom -V xg_sti g_sti - tmp_sti,10
geom took  0.00 user, 0.00 sys, 0.00 elapsed, 5816.0 kbytes
epick -V -reo -D ${CAP_GROUND} tmp_sti pick_sti
epick took  0.00 user, 0.00 sys, 0.00 elapsed, 3232.0 kbytes
grow -V -m 0.002 pick_sti g_pick_sti
grow took  0.00 user, 0.00 sys, 0.00 elapsed, 5532.0 kbytes
geom took  0.00 user, 0.00 sys, 0.00 elapsed, 5720.0 kbytes
stamp -i sti g_pick_sti
grow -V -m -0.002 g_pick_sti pick_sti
grow took  0.00 user, 0.00 sys, 0.00 elapsed, 5512.0 kbytes
sort edges took  0.00 user, 0.00 sys, 0.00 elapsed, 5704.0 kbytes
geom took  0.00 user, 0.00 sys, 0.00 elapsed, 5768.0 kbytes
emerge -V pick_sti sti tmp1_sti
emerge took 0.00 user, 0.00 sys, 0.00 elapsed, 3260.0 kbytes
geom -V tmp1_sti - sti,1,i,1
geom took  0.00 user, 0.00 sys, 0.00 elapsed, 5800.0 kbytes
/bin/rm -f g_pick_sti xg_sti tmp_sti tmp1_sti
geom -V sti diff - sti,10,i,1
geom took  0.00 user, 0.00 sys, 0.00 elapsed, 5756.0 kbytes
createEmptyLayer qrcgate

#==========================================================#
# Create sip/sw3d/cn3d capacitance data files
#==========================================================#

cat <<ENDCAT> sip.cmd
sip -V -cgnd ${CAP_GROUND} -s -o -sub 2 -mlc poly,mt1 -n 1.4 -i 0,1.401 -b \
	mt1,poly,diff,sti -t mt3,mt4,mt5,mt6,mt7,mt8,mt9 -j 0.14 -Maxw 2.1 -p \
	mt2,key 0,1.4 - mt2.sip
sip -V -cgnd ${CAP_GROUND} -s -o -sub 2 -mlc mt1,mt2 -n 2.1 -i 0,2.101 -b \
	mt2,mt1,poly,diff,sti -t mt4,mt5,mt6,mt7,mt8,mt9 -j 0.14 -Maxw 2.1 -p \
	mt3,key 0,2.1 - mt3.sip
sip -V -cgnd ${CAP_GROUND} -s -o -sub 2 -mlc mt2,mt3 -n 2.1 -i 0,2.101 -b \
	mt3,mt2,mt1,poly,diff,sti -t mt5,mt6,mt7,mt8,mt9 -j 0.14 -Maxw 2.1 -p \
	mt4,key 0,2.1 - mt4.sip
sip -V -cgnd ${CAP_GROUND} -s -o -sub 2 -mlc mt3,mt4 -n 2.1 -i 0,2.101 -b \
	mt4,mt3,mt2,mt1,poly,diff,sti -t mt6,mt7,mt8,mt9 -j 0.14 -Maxw 2.1 -p \
	mt5,key 0,2.1 - mt5.sip
sip -V -cgnd ${CAP_GROUND} -s -o -sub 2 -mlc mt4,mt5 -n 2.1 -i 0,2.101 -b \
	mt5,mt4,mt3,mt2,mt1,poly,diff,sti -t mt7,mt8,mt9 -j 0.14 -Maxw 2.1 -p \
	mt6,key 0,2.1 - mt6.sip
sip -V -cgnd ${CAP_GROUND} -s -o -sub 2 -mlc mt5,mt6 -n 2.1 -i 0,2.101 -b \
	mt6,mt5,mt4,mt3,mt2,mt1,poly,diff,sti -t mt8,mt9 -j 0.14 -Maxw 2.1 -p \
	mt7,key 0,2.1 - mt7.sip
sip -V -cgnd ${CAP_GROUND} -s -o -sub 2 -mlc mt6,mt7 -n 6.6 -i 0,6.601 -b \
	mt7,mt6,mt5,mt4,mt3,mt2,mt1,poly,diff,sti -t mt9 -j 0.44 -Maxw 6.6 -p \
	mt8,key 0,6.6 - mt8.sip
sip -V -cgnd ${CAP_GROUND} -s -o -sub 2 -mlc mt7,mt8 -n 6.6 -i 0,6.601 -b \
	mt8,mt7,mt6,mt5,mt4,mt3,mt2,mt1,poly,diff,sti -j 0.44 -Maxw 6.6 -p \
	mt9,key 0,6.6 - mt9.sip
sip -V -cgnd ${CAP_GROUND} -s -o -sub 2 -cp poly,allGate,diff -n 1.2 -i \
	0,1.201 -b diff,sti -t mt1,mt2,mt3,mt4,mt5,mt6,mt7,mt8,mt9 -j 0.1 \
	-Maxw 1.5 -p poly,key 0,1.2 - poly.sip
sip -V -cgnd ${CAP_GROUND} -s -o -sub 2 -mlc poly -n 1.2 -i 0,1.201 -b \
	poly,diff,sti -t mt2,mt3,mt4,mt5,mt6,mt7,mt8,mt9 -j 0.12 -Maxw 1.8 -p \
	mt1,key 0,1.2 - mt1.sip
sip -V -s -cgnd ${CAP_GROUND} -sub 2 -L3A -h -b \
	mt7,mt6,mt5,mt4,mt3,mt2,mt1,poly,diff,sti -Maxw 6.6 -p \
	mt8,key,mt9,key 0,6.6,0 - mt8_mt9.sip
sip -V -s -cgnd ${CAP_GROUND} -sub 2 -L3A -h -R mt9 -b \
	mt6,mt5,mt4,mt3,mt2,mt1,poly,diff,sti -Maxw 6.6 -p mt7,key,mt9,key \
	0,6.6,0 - mt7_mt9.sip
sip -V -s -cgnd ${CAP_GROUND} -sub 2 -h -b \
	mt6,mt5,mt4,mt3,mt2,mt1,poly,diff,sti -t mt9 -Maxw 6.6 -p \
	mt7,key,mt8,key 0,6.6,0 - mt7_mt8.sip
sip -V -s -cgnd ${CAP_GROUND} -sub 2 -L3A -h -R mt8 -b \
	mt5,mt4,mt3,mt2,mt1,poly,diff,sti -t mt9 -Maxw 6.6 -p mt6,key,mt8,key \
	0,6.6,0 - mt6_mt8.sip
sip -V -s -cgnd ${CAP_GROUND} -sub 2 -h -b mt5,mt4,mt3,mt2,mt1,poly,diff,sti \
	-t mt8,mt9 -Maxw 2.1 -p mt6,key,mt7,key 0,2.1,0 - mt6_mt7.sip
sip -V -s -cgnd ${CAP_GROUND} -sub 2 -L3A -h -R mt7 -b \
	mt4,mt3,mt2,mt1,poly,diff,sti -t mt8,mt9 -Maxw 2.1 -p mt5,key,mt7,key \
	0,2.1,0 - mt5_mt7.sip
sip -V -s -cgnd ${CAP_GROUND} -sub 2 -h -b mt4,mt3,mt2,mt1,poly,diff,sti -t \
	mt7,mt8,mt9 -Maxw 2.1 -p mt5,key,mt6,key 0,2.1,0 - mt5_mt6.sip
sip -V -s -cgnd ${CAP_GROUND} -sub 2 -L3A -h -R mt6 -b \
	mt3,mt2,mt1,poly,diff,sti -t mt7,mt8,mt9 -Maxw 2.1 -p mt4,key,mt6,key \
	0,2.1,0 - mt4_mt6.sip
sip -V -s -cgnd ${CAP_GROUND} -sub 2 -h -b mt3,mt2,mt1,poly,diff,sti -t \
	mt6,mt7,mt8,mt9 -Maxw 2.1 -p mt4,key,mt5,key 0,2.1,0 - mt4_mt5.sip
sip -V -s -cgnd ${CAP_GROUND} -sub 2 -L3A -h -R mt5 -b mt2,mt1,poly,diff,sti \
	-t mt6,mt7,mt8,mt9 -Maxw 2.1 -p mt3,key,mt5,key 0,2.1,0 - mt3_mt5.sip
sip -V -s -cgnd ${CAP_GROUND} -sub 2 -h -b mt2,mt1,poly,diff,sti -t \
	mt5,mt6,mt7,mt8,mt9 -Maxw 2.1 -p mt3,key,mt4,key 0,2.1,0 - \
	mt3_mt4.sip
sip -V -s -cgnd ${CAP_GROUND} -sub 2 -L3A -h -R mt4 -b mt1,poly,diff,sti -t \
	mt5,mt6,mt7,mt8,mt9 -Maxw 2.1 -p mt2,key,mt4,key 0,2.1,0 - \
	mt2_mt4.sip
sip -V -s -cgnd ${CAP_GROUND} -sub 2 -h -b mt1,poly,diff,sti -t \
	mt4,mt5,mt6,mt7,mt8,mt9 -Maxw 2.1 -p mt2,key,mt3,key 0,2.1,0 - \
	mt2_mt3.sip
sip -V -s -cgnd ${CAP_GROUND} -sub 2 -L3A -h -R mt3 -b poly,diff,sti -t \
	mt4,mt5,mt6,mt7,mt8,mt9 -Maxw 2.1 -p mt1:mt1_cut,key,mt3,key 0,2.1,0 \
	- mt1_mt3.sip
sip -V -s -cgnd ${CAP_GROUND} -sub 2 -h -b poly,diff,sti -t \
	mt3,mt4,mt5,mt6,mt7,mt8,mt9 -Maxw 2.1 -p mt1:mt1_cut,key,mt2,key \
	0,1.4,0 - mt1_mt2.sip
sip -V -s -cgnd ${CAP_GROUND} -sub 2 -L3A -h -R mt2 -b diff,sti -t \
	mt3,mt4,mt5,mt6,mt7,mt8,mt9 -k mt1:0.3 -Maxw 2.1 -p \
	poly:poly_cut,key,mt2,key 0,1.4,0 - poly_mt2.sip
sip -V -s -cgnd ${CAP_GROUND} -sub 2 -h -R mt1,poly -b diff,sti -t \
	mt2,mt3,mt4,mt5,mt6,mt7,mt8,mt9 -Maxw 1.8 -p \
	poly:poly_cut,key,mt1:mt1_cut,key 0,1.2,0 - poly_mt1.sip
ENDCAT

#==========================================================#
# Prepare gate capacitance blocking layers
#==========================================================#

createEmptyLayer allGate

#==========================================================#
# Run pax16 to generate capfile
#==========================================================#

pax16 -V -lee_off -gnd ${CAP_GROUND} -ignore_cf_table -scf sip.cmd -cgnd \
	${CAP_GROUND},1.0 -rcxlvs rcxtolvsmapfile -M_perim_off -c \
	/home/install/FOUNDRY/analog/90nm/assura/rcx/qrcTechFile -f sti diff \
	poly:poly_cut mt1:mt1_cut mt2 mt3 mt4 mt5 mt6 mt7 mt8 mt9 allGate - \
	/home/install/FOUNDRY/analog/90nm/assura/rcx/qrcTechFile - - NET - \
	capfile

pax16 took  0.05 user, 0.07 sys, 0.00 elapsed, 59612.0 kbytes
#==========================================================#
# Generate netlister data files
#==========================================================#


#==========================================================#
# Perform RC reduction
#==========================================================#

xreduce -V -mergecap -n NET -tech \
	/home/install/FOUNDRY/analog/90nm/assura/rcx -d1 -e \
	mt9,mt8,mt7,mt6,mt5,mt4,mt3,mt2,mt1,poly,diff,sti,np_rndiff_conn,np_rpdiff_conn,np_rnwell_conn,np_rpsubstrate,rcont_poly \
	-mfactorR infinite -decoupled -sr -danglingR -minR 0.001 -rPvia \
	rcont_poly.res,rcont_pdiff.res,rcont_ndiff.res -rP \
	np_rpoly_conn.res,np_rmetal1_conn.res -cap capfile L1T0

INFO (XREDUCE-199097): mFactorR set to infinite

INFO (XREDUCE-199128): mfactorR option to keep resistors is disabled

INFO (XREDUCE-199107): Total number of resistors is 19

INFO (XREDUCE-199108): d1 option renamed 0 nets

INFO (XREDUCE-199109): minR option removed 6 resistors (32%)

INFO (XREDUCE-199054): Total number of capacitors in capfile is 10

INFO (XREDUCE-199052): mergecap required for 10 (38%) of 26 nets

INFO (XREDUCE-199113): danglingR option removed 12 resistors

INFO (XREDUCE-199114): mfactorR option merged 0 groups of parallel transistors

INFO (XREDUCE-199108): d1 option renamed 0 nets

INFO (XREDUCE-199054): Total number of capacitors in capfile is 3

xreduce took 0.13 user, 0.33 sys, 1.00 elapsed, 15132.0 kbytes
#==========================================================#
# Generate HSPICE file
#==========================================================#

advgen -V -g0 -li -f -n -o HSPICE -TL L1T0 -cgnd ${CAP_GROUND},1.0 -sc \
	caps2dversion -mmx capfile \
	mt9,mt8,mt7,mt6,mt5,mt4,mt3,mt2,mt1,poly,diff,sti -rPmw res.mod \
	np_rmetal1_conn.res,Rnp_rmetal1_conn.dev2 \
	np_rpoly_conn.res,Rnp_rpoly_conn.dev2 rcont_poly.res,Rrcont_poly.dev2 \
	rcont_pdiff.res,Rrcont_pdiff.dev2 rcont_ndiff.res,Rrcont_ndiff.dev2 - \
	NET - /home/klu/Desktop/SDC_project/INV_DRC/extview.tmp

advgen took:  0.42 user, 0.31 sys, 1.00 elapsed, 19240.0 kbytes
#==========================================================#
# Create _save_layers file for Assura extracted view
#==========================================================#

geom mt1 np_rmetal1_conn - np_rmetal1_conn,11,i,1
geom poly np_rpoly_conn - np_rpoly_conn,11,i,1
stamp -i2 np_rmetal1_conn rcont_poly np_rcont_poly
ereduce  rMetal1_v rMetal1_v.reduce
stamp -i  np_rMetal1_p rMetal1_v.reduce
stamp -i  rMetal1_v.reduce rMetal1_v
stamp -i  rMetal1_v Metal1_v
/bin/rm -f rMetal1_v.reduce
ereduce  rcont_ndiff rcont_ndiff.reduce
stamp -i  np_rmetal1_conn rcont_ndiff.reduce
stamp -i  rcont_ndiff.reduce rcont_ndiff
stamp -i  rcont_ndiff cont_ndiff
/bin/rm -f rcont_ndiff.reduce
ereduce  rcont_pdiff rcont_pdiff.reduce
stamp -i  np_rmetal1_conn rcont_pdiff.reduce
stamp -i  rcont_pdiff.reduce rcont_pdiff
stamp -i  rcont_pdiff cont_pdiff
/bin/rm -f rcont_pdiff.reduce
cat <<ENDCAT> _save_layers
sti psubstrate nwell_conn
mt2 mt2
mt3 mt3
mt4 mt4
mt5 mt5
mt6 mt6
mt7 mt7
mt8 mt8
mt9 mt9
diff np_rpdiff_conn p_rpdiff_conn np_rndiff_conn p_rndiff_conn
metal1_conn np_rmetal1_conn p_rmetal1_conn
poly_conn np_rpoly_conn p_rpoly_conn
ndiff_conn np_rndiff_conn p_rndiff_conn
pdiff_conn np_rpdiff_conn p_rpdiff_conn
nwell_conn np_rnwell_conn p_rnwell_conn
psubstrate psubstrate
Metal1_v Metal1_v
Metal1_p np_rMetal1_p p_rMetal1_p
cont_poly np_rcont_poly p_rcont_poly
cont_pdiff cont_pdiff
cont_ndiff cont_ndiff
ptap_pdiff_conn_ovia ptap_pdiff_conn_ovia
ptap np_rptap p_rptap
psubstrate_ptap_ovia psubstrate_ptap_ovia
ntap_ndiff_conn_ovia ntap_ndiff_conn_ovia
ntap np_rntap p_rntap
nwell_conn_ntap_ovia nwell_conn_ntap_ovia
ENDCAT
INFO (LBRCXM-610): Extraction finished.

INFO (LBRCXU-108): Starting

 /home/install/ASSURA41/tools.lnx86/assura/bin/rcxToDfII /home/klu/Desktop/SDC_project/INV_DRC/__qrc.rcx_cmd -f /home/klu/Desktop/SDC_project/INV_DRC/extview.tmp -w /home/klu/Desktop/SDC_project/INV_DRC -cdslib /home/klu/Desktop/SDC_project/cds.lib
Virtuoso Framework License (111) was checked out successfully. Total checkout time was 0.01s.
@(#)$CDS: rcxToDfII_64 version av4.1:Production:dfII20.1-64b:ICADVM20.1-64b.500.25 11/04/2022 00:37 (sjfhw885) $
sub-version 4.1_USR6_EHF13, integ signature 2022-11-04-0002

run on cad6 from /home/install/ASSURA41/tools.lnx86/assura/bin/64bit/rcxToDfII on Fri Jun 14 16:36:33 2024


Loading tech rule set file : /home/install/FOUNDRY/analog/90nm/assura/techRuleSets
*WARNING* The directory: '/home/klu/xyz' does not exist
	but was defined in libFile '/home/klu/cds.lib' for Lib 'xyz'.
*WARNING* The directory: '/home/klu/phani' does not exist
	but was defined in libFile '/home/klu/cds.lib' for Lib 'phani'.
*WARNING* The directory: '/home/klu/xyz' does not exist
	but was defined in libFile '/home/klu/cds.lib' for Lib 'xyz'.
*WARNING* The directory: '/home/klu/phani' does not exist
	but was defined in libFile '/home/klu/cds.lib' for Lib 'phani'.
Loading gpdk090/libInit.il ...
	Loading gpdk090/loadCxt.ile ... done!
	Loading context 'gpdk090' from library 'gpdk090' ... done!
	Loading context 'pdkUtils' from library 'gpdk090' ... done!
	Loading gpdk090/gpdk090_customFilter.il ... done!
	Loading gpdk090/.simrc ... done!
	Loading gpdk090/libInitCustomExit.il ... 	Loading Environment Settings ...
*WARNING* envSetVal: Can't set the value of variable 'extractVerifySubstrate',
	in tool[.partition] 'layout' - it has not been registered.
*WARNING* Master env file /home/install/ASSURA41/tools.lnx86/dfII/etc/tools/spectre/.cdsenv is not readable
*WARNING* envSetVal: could not find tool[.partition] 'spectre.envOpts'
*WARNING* Cannot find /home/install/ASSURA41/tools.lnx86/dfII/etc/tools/hspiceD directory to load environment variables
	Loading gpdk090/gpdk090_PDKRegistrations.il ... done!

  *************************************************************           
  *              Cadence Design Systems, Inc.                 *           
  *                                                           *           
  *                    Generic 90nm PDK                       *           
  *                        (gpdk090)                          *           
  *                                                           *           
  *************************************************************           
	

	Version : 4.6

	Build date: 10-FEB-2011

done!
Loaded gpdk090/libInit.il successfully!
*WARNING* envSetVal: could not find tool[.partition] 'hspiceD.envOpts'

*WARNING* Failed to open xref db. Only layout names used.

Creating extracted view for 4_BIT_ALU INV layout



Summary for 4_BIT_ALU/INV/av_extracted

instance count totals:

    lib              cell             view                    total
    analogLib        pcapacitor       symbol                      3

extracted view creation completed
cpu: 0.09  elap: 1  pf: 2  in: 200  out: 200  virt: 422M  phys: 910M
INFO (LBRCXU-114): Finished /home/install/ASSURA41/tools.lnx86/assura/bin/rcxToDfII

INFO (LBRCXM-582): Checking in license of QTS300 21.20

INFO (LBRCXM-985): Summary:
 Number of CPUs requested:		1
 Techfile(s):
    /home/install/FOUNDRY/analog/90nm/assura/rcx/qrcTechFile; process name: 
 License(s) used:	QTS300 (x1)
 Design data:
    global nets:                  0
    LVS nets:                     4
    signal nets:                  4
    floating nets:                0
    ground net name:              GND
 Reduction statistics:
    Dangling Rs removed:          12
    Merged Parallel Rs:           0
    Rs shorted by min_res option: 6
    Merged Parallel Self Caps:    0
    CCs filtered by minC option:  0
    Shorted Incomplete Nets:      0
 Output statistics:
    R: 0
    C: 3
    L: 0


INFO (LBRCXM-920): Host name and peak memory report
 Host Name:                    cad6
 Peak memory used:             504 MB (sampled at 15s intervals)

INFO (LBRCXM-982): Floating net statistics in the design:

   Total floating nets =  0
     Total signal nets =  4
         Total LVS net = 4

INFO (LBRCXM-702): Run ended: Fri Jun 14 16:36:34 2024


INFO (LBRCXM-805): Quantus run took:  7s user, 10s sys, 11s elapsed


INFO (LBRCXM-708): *****  Quantus terminated normally  *****


